  [1m[35m (136.5ms)[0m  [1m[35mCREATE TABLE "schema_migrations" ("version" varchar NOT NULL PRIMARY KEY)[0m
  [1m[35m (89.4ms)[0m  [1m[35mCREATE TABLE "ar_internal_metadata" ("key" varchar NOT NULL PRIMARY KEY, "value" varchar, "created_at" datetime(6) NOT NULL, "updated_at" datetime(6) NOT NULL)[0m
  [1m[36mActiveRecord::SchemaMigration Pluck (0.2ms)[0m  [1m[34mSELECT "schema_migrations"."version" FROM "schema_migrations" ORDER BY "schema_migrations"."version" ASC[0m
Migrating to CreateNames (20231003144516)
  [1m[36mTRANSACTION (0.1ms)[0m  [1m[36mbegin transaction[0m
  [1m[35m (0.2ms)[0m  [1m[35mCREATE TABLE "names" ("id" integer PRIMARY KEY AUTOINCREMENT NOT NULL, "age" varchar, "created_at" datetime(6) NOT NULL, "updated_at" datetime(6) NOT NULL)[0m
  [1m[36mActiveRecord::SchemaMigration Create (0.1ms)[0m  [1m[32mINSERT INTO "schema_migrations" ("version") VALUES (?)[0m  [["version", "20231003144516"]]
  [1m[36mTRANSACTION (91.3ms)[0m  [1m[36mcommit transaction[0m
  [1m[36mActiveRecord::InternalMetadata Load (0.1ms)[0m  [1m[34mSELECT "ar_internal_metadata".* FROM "ar_internal_metadata" WHERE "ar_internal_metadata"."key" = ? LIMIT ?[0m  [["key", "environment"], ["LIMIT", 1]]
  [1m[36mTRANSACTION (0.1ms)[0m  [1m[36mbegin transaction[0m
  [1m[36mActiveRecord::InternalMetadata Create (0.2ms)[0m  [1m[32mINSERT INTO "ar_internal_metadata" ("key", "value", "created_at", "updated_at") VALUES (?, ?, ?, ?)[0m  [["key", "environment"], ["value", "development"], ["created_at", "2023-10-03 14:46:05.585483"], ["updated_at", "2023-10-03 14:46:05.585483"]]
  [1m[36mTRANSACTION (64.0ms)[0m  [1m[36mcommit transaction[0m
  [1m[36mActiveRecord::SchemaMigration Pluck (0.2ms)[0m  [1m[34mSELECT "schema_migrations"."version" FROM "schema_migrations" ORDER BY "schema_migrations"."version" ASC[0m
  [1m[36mName Count (0.1ms)[0m  [1m[34mSELECT COUNT(*) FROM "names"[0m
  [1m[36mTRANSACTION (0.1ms)[0m  [1m[36mbegin transaction[0m
  [1m[36mName Create (0.2ms)[0m  [1m[32mINSERT INTO "names" ("age", "created_at", "updated_at") VALUES (?, ?, ?)[0m  [["age", nil], ["created_at", "2023-10-03 14:48:27.729226"], ["updated_at", "2023-10-03 14:48:27.729226"]]
  [1m[36mTRANSACTION (79.9ms)[0m  [1m[36mcommit transaction[0m
  [1m[36mName Count (0.1ms)[0m  [1m[34mSELECT COUNT(*) FROM "names"[0m
Started GET "/" for 127.0.0.1 at 2023-10-03 20:26:56 +0530
  [1m[36mActiveRecord::SchemaMigration Pluck (0.2ms)[0m  [1m[34mSELECT "schema_migrations"."version" FROM "schema_migrations" ORDER BY "schema_migrations"."version" ASC[0m
Processing by Rails::WelcomeController#index as HTML
  Rendering /home/annmercinks/.rvm/gems/ruby-3.0.1/gems/railties-7.0.8/lib/rails/templates/rails/welcome/index.html.erb
  Rendered /home/annmercinks/.rvm/gems/ruby-3.0.1/gems/railties-7.0.8/lib/rails/templates/rails/welcome/index.html.erb (Duration: 1.6ms | Allocations: 931)
Completed 200 OK in 18ms (Views: 6.3ms | ActiveRecord: 0.0ms | Allocations: 10039)


Started GET "/" for 127.0.0.1 at 2023-10-03 20:27:46 +0530
Processing by NameController#index as HTML
  Rendering layout layouts/application.html.erb
  Rendering name/index.html.erb within layouts/application
  Rendered name/index.html.erb within layouts/application (Duration: 0.5ms | Allocations: 140)
  Rendered layout layouts/application.html.erb (Duration: 228.0ms | Allocations: 89748)
Completed 200 OK in 231ms (Views: 229.6ms | ActiveRecord: 0.0ms | Allocations: 91092)


Started GET "/" for 127.0.0.1 at 2023-10-03 20:27:56 +0530
Processing by Rails::WelcomeController#index as HTML
  Rendering /home/annmercinks/.rvm/gems/ruby-3.0.1/gems/railties-7.0.8/lib/rails/templates/rails/welcome/index.html.erb
  Rendered /home/annmercinks/.rvm/gems/ruby-3.0.1/gems/railties-7.0.8/lib/rails/templates/rails/welcome/index.html.erb (Duration: 0.8ms | Allocations: 491)
Completed 200 OK in 3ms (Views: 2.2ms | ActiveRecord: 0.0ms | Allocations: 1478)


Started GET "/" for 127.0.0.1 at 2023-10-03 20:28:05 +0530
Processing by NameController#index as HTML
  Rendering layout layouts/application.html.erb
  Rendering name/index.html.erb within layouts/application
  Rendered name/index.html.erb within layouts/application (Duration: 0.0ms | Allocations: 12)
  Rendered layout layouts/application.html.erb (Duration: 10.3ms | Allocations: 14119)
Completed 200 OK in 13ms (Views: 12.1ms | ActiveRecord: 0.0ms | Allocations: 14974)


Started GET "/" for 127.0.0.1 at 2023-10-03 20:28:05 +0530
Processing by NameController#index as HTML
  Rendering layout layouts/application.html.erb
  Rendering name/index.html.erb within layouts/application
  Rendered name/index.html.erb within layouts/application (Duration: 0.1ms | Allocations: 7)
  Rendered layout layouts/application.html.erb (Duration: 4.0ms | Allocations: 2358)
Completed 200 OK in 5ms (Views: 4.6ms | ActiveRecord: 0.0ms | Allocations: 2687)


Started GET "/" for 127.0.0.1 at 2023-10-03 20:28:06 +0530
Processing by NameController#index as HTML
  Rendering layout layouts/application.html.erb
  Rendering name/index.html.erb within layouts/application
  Rendered name/index.html.erb within layouts/application (Duration: 0.1ms | Allocations: 7)
  Rendered layout layouts/application.html.erb (Duration: 5.9ms | Allocations: 2361)
Completed 200 OK in 8ms (Views: 7.0ms | ActiveRecord: 0.0ms | Allocations: 2678)


Started GET "/" for 127.0.0.1 at 2023-10-03 20:28:06 +0530
Processing by NameController#index as HTML
  Rendering layout layouts/application.html.erb
  Rendering name/index.html.erb within layouts/application
  Rendered name/index.html.erb within layouts/application (Duration: 0.0ms | Allocations: 7)
  Rendered layout layouts/application.html.erb (Duration: 3.1ms | Allocations: 2356)
Completed 200 OK in 4ms (Views: 3.8ms | ActiveRecord: 0.0ms | Allocations: 2670)


Started GET "/" for 127.0.0.1 at 2023-10-03 20:28:06 +0530
Processing by NameController#index as HTML
  Rendering layout layouts/application.html.erb
  Rendering name/index.html.erb within layouts/application
  Rendered name/index.html.erb within layouts/application (Duration: 0.0ms | Allocations: 7)
  Rendered layout layouts/application.html.erb (Duration: 2.6ms | Allocations: 2370)
Completed 200 OK in 3ms (Views: 3.1ms | ActiveRecord: 0.0ms | Allocations: 2684)


Started GET "/" for 127.0.0.1 at 2023-10-03 20:28:06 +0530
Processing by NameController#index as HTML
  Rendering layout layouts/application.html.erb
  Rendering name/index.html.erb within layouts/application
  Rendered name/index.html.erb within layouts/application (Duration: 0.0ms | Allocations: 7)
  Rendered layout layouts/application.html.erb (Duration: 2.6ms | Allocations: 2364)
Completed 200 OK in 4ms (Views: 3.1ms | ActiveRecord: 0.0ms | Allocations: 2678)


Started GET "/" for 127.0.0.1 at 2023-10-03 20:32:42 +0530
Processing by NameController#index as HTML
  Rendering layout layouts/application.html.erb
  Rendering name/index.html.erb within layouts/application
  Rendered name/index.html.erb within layouts/application (Duration: 0.0ms | Allocations: 12)
  Rendered layout layouts/application.html.erb (Duration: 11.5ms | Allocations: 14091)
Completed 200 OK in 25ms (Views: 12.6ms | ActiveRecord: 0.9ms | Allocations: 30929)


Started GET "/" for 127.0.0.1 at 2023-10-03 20:32:44 +0530
Processing by NameController#index as HTML
  Rendering layout layouts/application.html.erb
  Rendering name/index.html.erb within layouts/application
  Rendered name/index.html.erb within layouts/application (Duration: 0.0ms | Allocations: 7)
  Rendered layout layouts/application.html.erb (Duration: 3.6ms | Allocations: 2362)
Completed 200 OK in 5ms (Views: 4.2ms | ActiveRecord: 0.0ms | Allocations: 2716)


Started GET "/" for 127.0.0.1 at 2023-10-03 20:32:44 +0530
Processing by NameController#index as HTML
  Rendering layout layouts/application.html.erb
  Rendering name/index.html.erb within layouts/application
  Rendered name/index.html.erb within layouts/application (Duration: 0.0ms | Allocations: 7)
  Rendered layout layouts/application.html.erb (Duration: 4.1ms | Allocations: 2358)
Completed 200 OK in 5ms (Views: 4.7ms | ActiveRecord: 0.0ms | Allocations: 2685)


Started GET "/" for 127.0.0.1 at 2023-10-03 20:35:41 +0530
Processing by NameController#index as HTML
  Rendering layout layouts/application.html.erb
  Rendering name/index.html.erb within layouts/application
  Rendered name/index.html.erb within layouts/application (Duration: 18.3ms | Allocations: 5055)
  Rendered layout layouts/application.html.erb (Duration: 18.7ms | Allocations: 5145)
Completed 500 Internal Server Error in 25ms (ActiveRecord: 0.0ms | Allocations: 6346)


  
ActionView::SyntaxErrorInTemplate (Encountered a syntax error while rendering template: check <h1>hello World!</h1>
<%:@name.each do |N|%>

):
1:    <h1>hello World!</h1>
2:    <%:@name.each do |N|%>
  
app/views/name/index.html.erb:2: formal argument cannot be a constant
app/views/name/index.html.erb:4: syntax error, unexpected end-of-input, expecting `end'
app/views/name/index.html.erb:2: formal argument cannot be a constant
app/views/name/index.html.erb:4: syntax error, unexpected end-of-input, expecting `end'
app/views/name/index.html.erb:2: formal argument cannot be a constant
app/views/name/index.html.erb:4: syntax error, unexpected end-of-input, expecting `end'
app/views/name/index.html.erb:2: formal argument cannot be a constant
app/views/name/index.html.erb:4: syntax error, unexpected end-of-input, expecting `end'
Started GET "/" for 127.0.0.1 at 2023-10-03 20:36:10 +0530
Processing by NameController#index as HTML
  Rendering layout layouts/application.html.erb
  Rendering name/index.html.erb within layouts/application
  Rendered name/index.html.erb within layouts/application (Duration: 0.5ms | Allocations: 150)
  Rendered layout layouts/application.html.erb (Duration: 5.5ms | Allocations: 3026)
Completed 200 OK in 8ms (Views: 7.3ms | ActiveRecord: 0.0ms | Allocations: 4243)


Started GET "/" for 127.0.0.1 at 2023-10-03 20:36:24 +0530
Processing by NameController#index as HTML
  Rendering layout layouts/application.html.erb
  Rendering name/index.html.erb within layouts/application
  Rendered name/index.html.erb within layouts/application (Duration: 2.4ms | Allocations: 1655)
  Rendered layout layouts/application.html.erb (Duration: 2.7ms | Allocations: 1735)
Completed 500 Internal Server Error in 5ms (ActiveRecord: 0.0ms | Allocations: 2928)


  
ActionView::Template::Error (undefined method `count' for :@name:Symbol):
    1: <h1>hello World!</h1>
    2: <%:@name.count%>
  
app/views/name/index.html.erb:2
Started GET "/" for 127.0.0.1 at 2023-10-03 20:36:57 +0530
Processing by NameController#index as HTML
  Rendering layout layouts/application.html.erb
  Rendering name/index.html.erb within layouts/application
  [1m[36mName Count (0.2ms)[0m  [1m[34mSELECT COUNT(*) FROM "names"[0m
  ↳ app/views/name/index.html.erb:2
  Rendered name/index.html.erb within layouts/application (Duration: 3.7ms | Allocations: 925)
  Rendered layout layouts/application.html.erb (Duration: 10.1ms | Allocations: 3781)
Completed 200 OK in 15ms (Views: 12.3ms | ActiveRecord: 0.2ms | Allocations: 4996)


Started GET "/" for 127.0.0.1 at 2023-10-03 20:36:58 +0530
Processing by NameController#index as HTML
  Rendering layout layouts/application.html.erb
  Rendering name/index.html.erb within layouts/application
  [1m[36mName Count (0.3ms)[0m  [1m[34mSELECT COUNT(*) FROM "names"[0m
  ↳ app/views/name/index.html.erb:2
  Rendered name/index.html.erb within layouts/application (Duration: 4.1ms | Allocations: 513)
  Rendered layout layouts/application.html.erb (Duration: 15.4ms | Allocations: 2865)
Completed 200 OK in 18ms (Views: 16.3ms | ActiveRecord: 0.3ms | Allocations: 3214)


Started GET "/" for 127.0.0.1 at 2023-10-03 20:36:59 +0530
Processing by NameController#index as HTML
  Rendering layout layouts/application.html.erb
  Rendering name/index.html.erb within layouts/application
  [1m[36mName Count (0.1ms)[0m  [1m[34mSELECT COUNT(*) FROM "names"[0m
  ↳ app/views/name/index.html.erb:2
  Rendered name/index.html.erb within layouts/application (Duration: 2.2ms | Allocations: 508)
  Rendered layout layouts/application.html.erb (Duration: 8.0ms | Allocations: 2858)
Completed 200 OK in 9ms (Views: 8.5ms | ActiveRecord: 0.1ms | Allocations: 3185)


Started GET "/" for 127.0.0.1 at 2023-10-03 20:40:14 +0530
Processing by NameController#index as HTML
  Rendering layout layouts/application.html.erb
  Rendering name/index.html.erb within layouts/application
  [1m[36mName Count (0.3ms)[0m  [1m[34mSELECT COUNT(*) FROM "names"[0m
  ↳ app/views/name/index.html.erb:2
  Rendered name/index.html.erb within layouts/application (Duration: 2.3ms | Allocations: 507)
  Rendered layout layouts/application.html.erb (Duration: 39.6ms | Allocations: 2882)
Completed 200 OK in 41ms (Views: 40.3ms | ActiveRecord: 0.3ms | Allocations: 3210)


Started GET "/" for 127.0.0.1 at 2023-10-03 20:40:15 +0530
Processing by NameController#index as HTML
  Rendering layout layouts/application.html.erb
  Rendering name/index.html.erb within layouts/application
  [1m[36mName Count (0.2ms)[0m  [1m[34mSELECT COUNT(*) FROM "names"[0m
  ↳ app/views/name/index.html.erb:2
  Rendered name/index.html.erb within layouts/application (Duration: 1.2ms | Allocations: 507)
  Rendered layout layouts/application.html.erb (Duration: 5.0ms | Allocations: 2874)
Completed 200 OK in 6ms (Views: 5.5ms | ActiveRecord: 0.2ms | Allocations: 3201)


Started GET "/" for 127.0.0.1 at 2023-10-03 20:40:15 +0530
Processing by NameController#index as HTML
  Rendering layout layouts/application.html.erb
  Rendering name/index.html.erb within layouts/application
  [1m[36mName Count (0.2ms)[0m  [1m[34mSELECT COUNT(*) FROM "names"[0m
  ↳ app/views/name/index.html.erb:2
  Rendered name/index.html.erb within layouts/application (Duration: 1.4ms | Allocations: 507)
  Rendered layout layouts/application.html.erb (Duration: 5.0ms | Allocations: 2861)
Completed 200 OK in 6ms (Views: 5.6ms | ActiveRecord: 0.2ms | Allocations: 3188)


Started GET "/" for 127.0.0.1 at 2023-10-03 20:40:15 +0530
Processing by NameController#index as HTML
  Rendering layout layouts/application.html.erb
  Rendering name/index.html.erb within layouts/application
  [1m[36mName Count (0.2ms)[0m  [1m[34mSELECT COUNT(*) FROM "names"[0m
  ↳ app/views/name/index.html.erb:2
  Rendered name/index.html.erb within layouts/application (Duration: 1.6ms | Allocations: 507)
  Rendered layout layouts/application.html.erb (Duration: 5.2ms | Allocations: 2855)
Completed 200 OK in 6ms (Views: 5.7ms | ActiveRecord: 0.2ms | Allocations: 3182)


Started GET "/" for 127.0.0.1 at 2023-10-03 20:40:15 +0530
Processing by NameController#index as HTML
  Rendering layout layouts/application.html.erb
  Rendering name/index.html.erb within layouts/application
  [1m[36mName Count (0.5ms)[0m  [1m[34mSELECT COUNT(*) FROM "names"[0m
  ↳ app/views/name/index.html.erb:2
  Rendered name/index.html.erb within layouts/application (Duration: 6.9ms | Allocations: 507)
  Rendered layout layouts/application.html.erb (Duration: 17.7ms | Allocations: 2851)
Completed 200 OK in 21ms (Views: 19.5ms | ActiveRecord: 0.5ms | Allocations: 3178)


Started GET "/" for 127.0.0.1 at 2023-10-03 20:40:50 +0530
Processing by NameController#index as HTML
  Rendering layout layouts/application.html.erb
  Rendering name/index.html.erb within layouts/application
  [1m[36mName Count (0.2ms)[0m  [1m[34mSELECT COUNT(*) FROM "names"[0m
  ↳ app/views/name/index.html.erb:2
  Rendered name/index.html.erb within layouts/application (Duration: 2.6ms | Allocations: 770)
  Rendered layout layouts/application.html.erb (Duration: 7.6ms | Allocations: 3633)
Completed 200 OK in 11ms (Views: 9.5ms | ActiveRecord: 0.2ms | Allocations: 4831)


Started GET "/" for 127.0.0.1 at 2023-10-03 20:40:50 +0530
Processing by NameController#index as HTML
  Rendering layout layouts/application.html.erb
  Rendering name/index.html.erb within layouts/application
  [1m[36mName Count (0.2ms)[0m  [1m[34mSELECT COUNT(*) FROM "names"[0m
  ↳ app/views/name/index.html.erb:2
  Rendered name/index.html.erb within layouts/application (Duration: 2.0ms | Allocations: 507)
  Rendered layout layouts/application.html.erb (Duration: 8.3ms | Allocations: 2860)
Completed 200 OK in 10ms (Views: 9.1ms | ActiveRecord: 0.2ms | Allocations: 3209)


Started GET "/" for 127.0.0.1 at 2023-10-03 20:40:50 +0530
Processing by NameController#index as HTML
  Rendering layout layouts/application.html.erb
  Rendering name/index.html.erb within layouts/application
  [1m[36mName Count (0.2ms)[0m  [1m[34mSELECT COUNT(*) FROM "names"[0m
  ↳ app/views/name/index.html.erb:2
  Rendered name/index.html.erb within layouts/application (Duration: 1.7ms | Allocations: 507)
  Rendered layout layouts/application.html.erb (Duration: 6.7ms | Allocations: 2852)
Completed 200 OK in 8ms (Views: 7.2ms | ActiveRecord: 0.2ms | Allocations: 3179)


Started GET "/" for 127.0.0.1 at 2023-10-03 20:40:51 +0530
Processing by NameController#index as HTML
  Rendering layout layouts/application.html.erb
  Rendering name/index.html.erb within layouts/application
  [1m[36mName Count (0.2ms)[0m  [1m[34mSELECT COUNT(*) FROM "names"[0m
  ↳ app/views/name/index.html.erb:2
  Rendered name/index.html.erb within layouts/application (Duration: 2.4ms | Allocations: 507)
  Rendered layout layouts/application.html.erb (Duration: 7.6ms | Allocations: 2862)
Completed 200 OK in 9ms (Views: 8.1ms | ActiveRecord: 0.2ms | Allocations: 3189)


Started GET "/" for 127.0.0.1 at 2023-10-03 20:41:21 +0530
Processing by NameController#index as HTML
  Rendering layout layouts/application.html.erb
  Rendering name/index.html.erb within layouts/application
  [1m[36mName Count (0.2ms)[0m  [1m[34mSELECT COUNT(*) FROM "names"[0m
  ↳ app/views/name/index.html.erb:2
  Rendered name/index.html.erb within layouts/application (Duration: 1.8ms | Allocations: 755)
  Rendered layout layouts/application.html.erb (Duration: 5.6ms | Allocations: 3621)
Completed 200 OK in 9ms (Views: 7.7ms | ActiveRecord: 0.2ms | Allocations: 4816)


Started GET "/" for 127.0.0.1 at 2023-10-03 20:41:21 +0530
Processing by NameController#index as HTML
  Rendering layout layouts/application.html.erb
  Rendering name/index.html.erb within layouts/application
  [1m[36mName Count (0.3ms)[0m  [1m[34mSELECT COUNT(*) FROM "names"[0m
  ↳ app/views/name/index.html.erb:2
  Rendered name/index.html.erb within layouts/application (Duration: 3.2ms | Allocations: 509)
  Rendered layout layouts/application.html.erb (Duration: 9.7ms | Allocations: 2856)
Completed 200 OK in 13ms (Views: 11.2ms | ActiveRecord: 0.3ms | Allocations: 3205)


Started GET "/" for 127.0.0.1 at 2023-10-03 20:44:48 +0530
Processing by NameController#index as HTML
  Rendering layout layouts/application.html.erb
  Rendering name/index.html.erb within layouts/application
  [1m[36mName Count (0.2ms)[0m  [1m[34mSELECT COUNT(*) FROM "names"[0m
  ↳ app/views/name/index.html.erb:2
  Rendered name/index.html.erb within layouts/application (Duration: 3.6ms | Allocations: 2225)
  Rendered layout layouts/application.html.erb (Duration: 4.0ms | Allocations: 2302)
Completed 500 Internal Server Error in 7ms (ActiveRecord: 0.2ms | Allocations: 3459)


  
ActionView::Template::Error (undefined method `each' for nil:NilClass):
    1: <h1>hello World!</h1>
    2: <h2><%=Name.count%></h2>
    3: <div id="Name">
    4:     <% @anme.each do |name| %>
    5:       <%= render anme %>
    6:       <p>
    7:         <%= link_to "Show this name",name %>
  
app/views/name/index.html.erb:4
Started GET "/" for 127.0.0.1 at 2023-10-03 20:44:48 +0530
Processing by NameController#index as HTML
  Rendering layout layouts/application.html.erb
  Rendering name/index.html.erb within layouts/application
  [1m[36mName Count (0.1ms)[0m  [1m[34mSELECT COUNT(*) FROM "names"[0m
  ↳ app/views/name/index.html.erb:2
  Rendered name/index.html.erb within layouts/application (Duration: 2.5ms | Allocations: 1860)
  Rendered layout layouts/application.html.erb (Duration: 3.0ms | Allocations: 1931)
Completed 500 Internal Server Error in 4ms (ActiveRecord: 0.1ms | Allocations: 2247)


  
ActionView::Template::Error (undefined method `each' for nil:NilClass):
    1: <h1>hello World!</h1>
    2: <h2><%=Name.count%></h2>
    3: <div id="Name">
    4:     <% @anme.each do |name| %>
    5:       <%= render anme %>
    6:       <p>
    7:         <%= link_to "Show this name",name %>
  
app/views/name/index.html.erb:4
Started GET "/" for 127.0.0.1 at 2023-10-03 20:44:48 +0530
Processing by NameController#index as HTML
  Rendering layout layouts/application.html.erb
  Rendering name/index.html.erb within layouts/application
  [1m[36mName Count (0.1ms)[0m  [1m[34mSELECT COUNT(*) FROM "names"[0m
  ↳ app/views/name/index.html.erb:2
  Rendered name/index.html.erb within layouts/application (Duration: 3.3ms | Allocations: 2229)
  Rendered layout layouts/application.html.erb (Duration: 3.7ms | Allocations: 2352)
Completed 500 Internal Server Error in 5ms (ActiveRecord: 0.3ms | Allocations: 2711)


  
ActionView::Template::Error (undefined method `each' for nil:NilClass):
    1: <h1>hello World!</h1>
    2: <h2><%=Name.count%></h2>
    3: <div id="Name">
    4:     <% @anme.each do |name| %>
    5:       <%= render anme %>
    6:       <p>
    7:         <%= link_to "Show this name",name %>
  
app/views/name/index.html.erb:4
Started GET "/" for 127.0.0.1 at 2023-10-03 20:44:49 +0530
Processing by NameController#index as HTML
  Rendering layout layouts/application.html.erb
  Rendering name/index.html.erb within layouts/application
  [1m[36mName Count (0.1ms)[0m  [1m[34mSELECT COUNT(*) FROM "names"[0m
  ↳ app/views/name/index.html.erb:2
  Rendered name/index.html.erb within layouts/application (Duration: 2.1ms | Allocations: 2035)
  Rendered layout layouts/application.html.erb (Duration: 2.4ms | Allocations: 2296)
Completed 500 Internal Server Error in 4ms (ActiveRecord: 0.1ms | Allocations: 3711)


  
ActionView::Template::Error (undefined method `each' for nil:NilClass):
    1: <h1>hello World!</h1>
    2: <h2><%=Name.count%></h2>
    3: <div id="Name">
    4:     <% @anme.each do |name| %>
    5:       <%= render anme %>
    6:       <p>
    7:         <%= link_to "Show this name",name %>
  
app/views/name/index.html.erb:4
Started GET "/" for 127.0.0.1 at 2023-10-03 20:44:49 +0530
Processing by NameController#index as HTML
  Rendering layout layouts/application.html.erb
  Rendering name/index.html.erb within layouts/application
  [1m[36mName Count (0.1ms)[0m  [1m[34mSELECT COUNT(*) FROM "names"[0m
  ↳ app/views/name/index.html.erb:2
  Rendered name/index.html.erb within layouts/application (Duration: 2.8ms | Allocations: 1974)
  Rendered layout layouts/application.html.erb (Duration: 3.0ms | Allocations: 2045)
Completed 500 Internal Server Error in 4ms (ActiveRecord: 0.4ms | Allocations: 2339)


  
ActionView::Template::Error (undefined method `each' for nil:NilClass):
    1: <h1>hello World!</h1>
    2: <h2><%=Name.count%></h2>
    3: <div id="Name">
    4:     <% @anme.each do |name| %>
    5:       <%= render anme %>
    6:       <p>
    7:         <%= link_to "Show this name",name %>
  
app/views/name/index.html.erb:4
Started GET "/" for 127.0.0.1 at 2023-10-03 20:44:49 +0530
Processing by NameController#index as HTML
  Rendering layout layouts/application.html.erb
  Rendering name/index.html.erb within layouts/application
  [1m[36mName Count (0.2ms)[0m  [1m[34mSELECT COUNT(*) FROM "names"[0m
  ↳ app/views/name/index.html.erb:2
  Rendered name/index.html.erb within layouts/application (Duration: 3.7ms | Allocations: 1860)
  Rendered layout layouts/application.html.erb (Duration: 4.3ms | Allocations: 1931)
Completed 500 Internal Server Error in 6ms (ActiveRecord: 0.2ms | Allocations: 2225)


  
ActionView::Template::Error (undefined method `each' for nil:NilClass):
    1: <h1>hello World!</h1>
    2: <h2><%=Name.count%></h2>
    3: <div id="Name">
    4:     <% @anme.each do |name| %>
    5:       <%= render anme %>
    6:       <p>
    7:         <%= link_to "Show this name",name %>
  
app/views/name/index.html.erb:4
Started GET "/" for 127.0.0.1 at 2023-10-03 20:44:50 +0530
Processing by NameController#index as HTML
  Rendering layout layouts/application.html.erb
  Rendering name/index.html.erb within layouts/application
  [1m[36mName Count (0.3ms)[0m  [1m[34mSELECT COUNT(*) FROM "names"[0m
  ↳ app/views/name/index.html.erb:2
  Rendered name/index.html.erb within layouts/application (Duration: 6.9ms | Allocations: 1859)
  Rendered layout layouts/application.html.erb (Duration: 7.4ms | Allocations: 1930)
Completed 500 Internal Server Error in 9ms (ActiveRecord: 0.3ms | Allocations: 2224)


  
ActionView::Template::Error (undefined method `each' for nil:NilClass):
    1: <h1>hello World!</h1>
    2: <h2><%=Name.count%></h2>
    3: <div id="Name">
    4:     <% @anme.each do |name| %>
    5:       <%= render anme %>
    6:       <p>
    7:         <%= link_to "Show this name",name %>
  
app/views/name/index.html.erb:4
Started GET "/" for 127.0.0.1 at 2023-10-03 20:45:07 +0530
Processing by NameController#index as HTML
  Rendering layout layouts/application.html.erb
  Rendering name/index.html.erb within layouts/application
  [1m[36mName Count (0.2ms)[0m  [1m[34mSELECT COUNT(*) FROM "names"[0m
  ↳ app/views/name/index.html.erb:2
  Rendered name/index.html.erb within layouts/application (Duration: 3.7ms | Allocations: 2217)
  Rendered layout layouts/application.html.erb (Duration: 4.4ms | Allocations: 2294)
Completed 500 Internal Server Error in 10ms (ActiveRecord: 0.2ms | Allocations: 3443)


  
ActionView::Template::Error (undefined method `each' for nil:NilClass):
    1: <h1>hello World!</h1>
    2: <h2><%=Name.count%></h2>
    3: <div id="Name">
    4:     <% @name.each do |name| %>
    5:       <%= render anme %>
    6:       <p>
    7:         <%= link_to "Show this name",name %>
  
app/views/name/index.html.erb:4
Started GET "/" for 127.0.0.1 at 2023-10-03 20:45:08 +0530
Processing by NameController#index as HTML
  Rendering layout layouts/application.html.erb
  Rendering name/index.html.erb within layouts/application
  [1m[36mName Count (0.3ms)[0m  [1m[34mSELECT COUNT(*) FROM "names"[0m
  ↳ app/views/name/index.html.erb:2
  Rendered name/index.html.erb within layouts/application (Duration: 6.2ms | Allocations: 1860)
  Rendered layout layouts/application.html.erb (Duration: 7.1ms | Allocations: 1931)
Completed 500 Internal Server Error in 10ms (ActiveRecord: 0.3ms | Allocations: 2247)


  
ActionView::Template::Error (undefined method `each' for nil:NilClass):
    1: <h1>hello World!</h1>
    2: <h2><%=Name.count%></h2>
    3: <div id="Name">
    4:     <% @name.each do |name| %>
    5:       <%= render anme %>
    6:       <p>
    7:         <%= link_to "Show this name",name %>
  
app/views/name/index.html.erb:4
Started GET "/" for 127.0.0.1 at 2023-10-03 20:45:08 +0530
Processing by NameController#index as HTML
  Rendering layout layouts/application.html.erb
  Rendering name/index.html.erb within layouts/application
  [1m[36mName Count (0.3ms)[0m  [1m[34mSELECT COUNT(*) FROM "names"[0m
  ↳ app/views/name/index.html.erb:2
  Rendered name/index.html.erb within layouts/application (Duration: 5.3ms | Allocations: 1859)
  Rendered layout layouts/application.html.erb (Duration: 5.8ms | Allocations: 1930)
Completed 500 Internal Server Error in 8ms (ActiveRecord: 0.3ms | Allocations: 2224)


  
ActionView::Template::Error (undefined method `each' for nil:NilClass):
    1: <h1>hello World!</h1>
    2: <h2><%=Name.count%></h2>
    3: <div id="Name">
    4:     <% @name.each do |name| %>
    5:       <%= render anme %>
    6:       <p>
    7:         <%= link_to "Show this name",name %>
  
app/views/name/index.html.erb:4
Started GET "/" for 127.0.0.1 at 2023-10-03 20:45:17 +0530
Processing by NameController#index as HTML
  Rendering layout layouts/application.html.erb
  Rendering name/index.html.erb within layouts/application
  [1m[36mName Count (0.1ms)[0m  [1m[34mSELECT COUNT(*) FROM "names"[0m
  ↳ app/views/name/index.html.erb:2
  Rendered name/index.html.erb within layouts/application (Duration: 3.2ms | Allocations: 2218)
  Rendered layout layouts/application.html.erb (Duration: 3.5ms | Allocations: 2295)
Completed 500 Internal Server Error in 7ms (ActiveRecord: 0.1ms | Allocations: 3444)


  
ActionView::Template::Error (undefined method `each' for nil:NilClass):
    1: <h1>hello World!</h1>
    2: <h2><%=Name.count%></h2>
    3: <div id="Name">
    4:     <% @Name.each do |name| %>
    5:       <%= render anme %>
    6:       <p>
    7:         <%= link_to "Show this name",name %>
  
app/views/name/index.html.erb:4
Started GET "/" for 127.0.0.1 at 2023-10-03 20:45:17 +0530
Processing by NameController#index as HTML
  Rendering layout layouts/application.html.erb
  Rendering name/index.html.erb within layouts/application
  [1m[36mName Count (0.2ms)[0m  [1m[34mSELECT COUNT(*) FROM "names"[0m
  ↳ app/views/name/index.html.erb:2
  Rendered name/index.html.erb within layouts/application (Duration: 4.3ms | Allocations: 1860)
  Rendered layout layouts/application.html.erb (Duration: 4.9ms | Allocations: 1931)
Completed 500 Internal Server Error in 6ms (ActiveRecord: 0.2ms | Allocations: 2247)


  
ActionView::Template::Error (undefined method `each' for nil:NilClass):
    1: <h1>hello World!</h1>
    2: <h2><%=Name.count%></h2>
    3: <div id="Name">
    4:     <% @Name.each do |name| %>
    5:       <%= render anme %>
    6:       <p>
    7:         <%= link_to "Show this name",name %>
  
app/views/name/index.html.erb:4
Started GET "/" for 127.0.0.1 at 2023-10-03 20:45:37 +0530
Processing by NameController#index as HTML
  Rendering layout layouts/application.html.erb
  Rendering name/index.html.erb within layouts/application
  [1m[36mName Count (0.2ms)[0m  [1m[34mSELECT COUNT(*) FROM "names"[0m
  ↳ app/views/name/index.html.erb:2
  Rendered name/index.html.erb within layouts/application (Duration: 6.1ms | Allocations: 3706)
  Rendered layout layouts/application.html.erb (Duration: 6.4ms | Allocations: 3783)
Completed 500 Internal Server Error in 9ms (ActiveRecord: 0.2ms | Allocations: 4932)


  
ActionView::Template::Error (undefined method `each' for #<Name id: nil, age: nil, created_at: nil, updated_at: nil>):
    1: <h1>hello World!</h1>
    2: <h2><%=Name.count%></h2>
    3: <div id="Name">
    4:     <% @names.each do |name| %>
    5:       <%= render anme %>
    6:       <p>
    7:         <%= link_to "Show this name",name %>
  
app/views/name/index.html.erb:4
Started GET "/" for 127.0.0.1 at 2023-10-03 20:45:37 +0530
Processing by NameController#index as HTML
  Rendering layout layouts/application.html.erb
  Rendering name/index.html.erb within layouts/application
  [1m[36mName Count (0.2ms)[0m  [1m[34mSELECT COUNT(*) FROM "names"[0m
  ↳ app/views/name/index.html.erb:2
  Rendered name/index.html.erb within layouts/application (Duration: 6.1ms | Allocations: 3267)
  Rendered layout layouts/application.html.erb (Duration: 6.4ms | Allocations: 3338)
Completed 500 Internal Server Error in 8ms (ActiveRecord: 0.2ms | Allocations: 3654)


  
ActionView::Template::Error (undefined method `each' for #<Name id: nil, age: nil, created_at: nil, updated_at: nil>):
    1: <h1>hello World!</h1>
    2: <h2><%=Name.count%></h2>
    3: <div id="Name">
    4:     <% @names.each do |name| %>
    5:       <%= render anme %>
    6:       <p>
    7:         <%= link_to "Show this name",name %>
  
app/views/name/index.html.erb:4
Started GET "/" for 127.0.0.1 at 2023-10-03 20:45:37 +0530
Processing by NameController#index as HTML
  Rendering layout layouts/application.html.erb
  Rendering name/index.html.erb within layouts/application
  [1m[36mName Count (0.3ms)[0m  [1m[34mSELECT COUNT(*) FROM "names"[0m
  ↳ app/views/name/index.html.erb:2
  Rendered name/index.html.erb within layouts/application (Duration: 7.4ms | Allocations: 3268)
  Rendered layout layouts/application.html.erb (Duration: 7.7ms | Allocations: 3339)
Completed 500 Internal Server Error in 9ms (ActiveRecord: 0.3ms | Allocations: 3633)


  
ActionView::Template::Error (undefined method `each' for #<Name id: nil, age: nil, created_at: nil, updated_at: nil>):
    1: <h1>hello World!</h1>
    2: <h2><%=Name.count%></h2>
    3: <div id="Name">
    4:     <% @names.each do |name| %>
    5:       <%= render anme %>
    6:       <p>
    7:         <%= link_to "Show this name",name %>
  
app/views/name/index.html.erb:4
Started GET "/" for 127.0.0.1 at 2023-10-03 20:45:46 +0530
Processing by NameController#index as HTML
  Rendering layout layouts/application.html.erb
  Rendering name/index.html.erb within layouts/application
  [1m[36mName Count (0.1ms)[0m  [1m[34mSELECT COUNT(*) FROM "names"[0m
  ↳ app/views/name/index.html.erb:2
  Rendered name/index.html.erb within layouts/application (Duration: 2.2ms | Allocations: 2217)
  Rendered layout layouts/application.html.erb (Duration: 2.5ms | Allocations: 2294)
Completed 500 Internal Server Error in 4ms (ActiveRecord: 0.1ms | Allocations: 3443)


  
ActionView::Template::Error (undefined method `each' for nil:NilClass):
    1: <h1>hello World!</h1>
    2: <h2><%=Name.count%></h2>
    3: <div id="Name">
    4:     <% @name.each do |name| %>
    5:       <%= render anme %>
    6:       <p>
    7:         <%= link_to "Show this name",name %>
  
app/views/name/index.html.erb:4
Started GET "/" for 127.0.0.1 at 2023-10-03 20:45:47 +0530
Processing by NameController#index as HTML
  Rendering layout layouts/application.html.erb
  Rendering name/index.html.erb within layouts/application
  [1m[36mName Count (0.2ms)[0m  [1m[34mSELECT COUNT(*) FROM "names"[0m
  ↳ app/views/name/index.html.erb:2
  Rendered name/index.html.erb within layouts/application (Duration: 2.7ms | Allocations: 1859)
  Rendered layout layouts/application.html.erb (Duration: 2.9ms | Allocations: 1930)
Completed 500 Internal Server Error in 4ms (ActiveRecord: 0.2ms | Allocations: 2246)


  
ActionView::Template::Error (undefined method `each' for nil:NilClass):
    1: <h1>hello World!</h1>
    2: <h2><%=Name.count%></h2>
    3: <div id="Name">
    4:     <% @name.each do |name| %>
    5:       <%= render anme %>
    6:       <p>
    7:         <%= link_to "Show this name",name %>
  
app/views/name/index.html.erb:4
Started GET "/" for 127.0.0.1 at 2023-10-03 20:45:47 +0530
Processing by NameController#index as HTML
  Rendering layout layouts/application.html.erb
  Rendering name/index.html.erb within layouts/application
  [1m[36mName Count (0.2ms)[0m  [1m[34mSELECT COUNT(*) FROM "names"[0m
  ↳ app/views/name/index.html.erb:2
  Rendered name/index.html.erb within layouts/application (Duration: 3.5ms | Allocations: 1860)
  Rendered layout layouts/application.html.erb (Duration: 4.5ms | Allocations: 1931)
Completed 500 Internal Server Error in 6ms (ActiveRecord: 0.2ms | Allocations: 2225)


  
ActionView::Template::Error (undefined method `each' for nil:NilClass):
    1: <h1>hello World!</h1>
    2: <h2><%=Name.count%></h2>
    3: <div id="Name">
    4:     <% @name.each do |name| %>
    5:       <%= render anme %>
    6:       <p>
    7:         <%= link_to "Show this name",name %>
  
app/views/name/index.html.erb:4
Started GET "/" for 127.0.0.1 at 2023-10-03 20:46:04 +0530
Processing by NameController#index as HTML
  Rendering layout layouts/application.html.erb
  Rendering name/index.html.erb within layouts/application
  [1m[36mName Count (0.2ms)[0m  [1m[34mSELECT COUNT(*) FROM "names"[0m
  ↳ app/views/name/index.html.erb:2
  Rendered name/index.html.erb within layouts/application (Duration: 3.8ms | Allocations: 2217)
  Rendered layout layouts/application.html.erb (Duration: 4.1ms | Allocations: 2294)
Completed 500 Internal Server Error in 8ms (ActiveRecord: 0.2ms | Allocations: 3443)


  
ActionView::Template::Error (undefined method `each' for nil:NilClass):
    1: <h1>hello World!</h1>
    2: <h2><%=Name.count%></h2>
    3: <div id="Name">
    4:     <% @name.each do |name| %>
    5:       <%= render name %>
    6:       <p>
    7:         <%= link_to "Show this name",name %>
  
app/views/name/index.html.erb:4
Started GET "/" for 127.0.0.1 at 2023-10-03 20:46:04 +0530
Processing by NameController#index as HTML
  Rendering layout layouts/application.html.erb
  Rendering name/index.html.erb within layouts/application
  [1m[36mName Count (0.2ms)[0m  [1m[34mSELECT COUNT(*) FROM "names"[0m
  ↳ app/views/name/index.html.erb:2
  Rendered name/index.html.erb within layouts/application (Duration: 2.5ms | Allocations: 2524)
  Rendered layout layouts/application.html.erb (Duration: 3.4ms | Allocations: 3368)
Completed 500 Internal Server Error in 5ms (ActiveRecord: 0.2ms | Allocations: 4569)


  
ActionView::Template::Error (undefined method `each' for nil:NilClass):
    1: <h1>hello World!</h1>
    2: <h2><%=Name.count%></h2>
    3: <div id="Name">
    4:     <% @name.each do |name| %>
    5:       <%= render name %>
    6:       <p>
    7:         <%= link_to "Show this name",name %>
  
app/views/name/index.html.erb:4
Started GET "/" for 127.0.0.1 at 2023-10-03 20:46:04 +0530
Processing by NameController#index as HTML
  Rendering layout layouts/application.html.erb
  Rendering name/index.html.erb within layouts/application
  [1m[36mName Count (0.1ms)[0m  [1m[34mSELECT COUNT(*) FROM "names"[0m
  ↳ app/views/name/index.html.erb:2
  Rendered name/index.html.erb within layouts/application (Duration: 2.0ms | Allocations: 2143)
  Rendered layout layouts/application.html.erb (Duration: 7.1ms | Allocations: 15318)
Completed 500 Internal Server Error in 11ms (ActiveRecord: 0.1ms | Allocations: 18574)


  
ActionView::Template::Error (undefined method `each' for nil:NilClass):
    1: <h1>hello World!</h1>
    2: <h2><%=Name.count%></h2>
    3: <div id="Name">
    4:     <% @name.each do |name| %>
    5:       <%= render name %>
    6:       <p>
    7:         <%= link_to "Show this name",name %>
  
app/views/name/index.html.erb:4
Started GET "/" for 127.0.0.1 at 2023-10-03 20:46:05 +0530
Processing by NameController#index as HTML
  Rendering layout layouts/application.html.erb
  Rendering name/index.html.erb within layouts/application
  [1m[36mName Count (0.2ms)[0m  [1m[34mSELECT COUNT(*) FROM "names"[0m
  ↳ app/views/name/index.html.erb:2
  Rendered name/index.html.erb within layouts/application (Duration: 4.5ms | Allocations: 1860)
  Rendered layout layouts/application.html.erb (Duration: 4.7ms | Allocations: 1931)
Completed 500 Internal Server Error in 7ms (ActiveRecord: 0.2ms | Allocations: 2225)


  
ActionView::Template::Error (undefined method `each' for nil:NilClass):
    1: <h1>hello World!</h1>
    2: <h2><%=Name.count%></h2>
    3: <div id="Name">
    4:     <% @name.each do |name| %>
    5:       <%= render name %>
    6:       <p>
    7:         <%= link_to "Show this name",name %>
  
app/views/name/index.html.erb:4
Started GET "/" for 127.0.0.1 at 2023-10-03 20:46:20 +0530
Processing by NameController#index as HTML
  Rendering layout layouts/application.html.erb
  Rendering name/index.html.erb within layouts/application
  [1m[36mName Count (0.2ms)[0m  [1m[34mSELECT COUNT(*) FROM "names"[0m
  ↳ app/views/name/index.html.erb:2
  Rendered name/index.html.erb within layouts/application (Duration: 2.8ms | Allocations: 2217)
  Rendered layout layouts/application.html.erb (Duration: 3.0ms | Allocations: 2294)
Completed 500 Internal Server Error in 6ms (ActiveRecord: 0.2ms | Allocations: 3443)


  
ActionView::Template::Error (undefined method `each' for nil:NilClass):
    1: <h1>hello World!</h1>
    2: <h2><%=Name.count%></h2>
    3: <div id="Name">
    4:     <% @Name.each do |name| %>
    5:       <%= render name %>
    6:       <p>
    7:         <%= link_to "Show this name",name %>
  
app/views/name/index.html.erb:4
Started GET "/" for 127.0.0.1 at 2023-10-03 20:46:21 +0530
Processing by NameController#index as HTML
  Rendering layout layouts/application.html.erb
  Rendering name/index.html.erb within layouts/application
  [1m[36mName Count (0.3ms)[0m  [1m[34mSELECT COUNT(*) FROM "names"[0m
  ↳ app/views/name/index.html.erb:2
  Rendered name/index.html.erb within layouts/application (Duration: 5.6ms | Allocations: 1860)
  Rendered layout layouts/application.html.erb (Duration: 6.5ms | Allocations: 1931)
Completed 500 Internal Server Error in 10ms (ActiveRecord: 0.3ms | Allocations: 2247)


  
ActionView::Template::Error (undefined method `each' for nil:NilClass):
    1: <h1>hello World!</h1>
    2: <h2><%=Name.count%></h2>
    3: <div id="Name">
    4:     <% @Name.each do |name| %>
    5:       <%= render name %>
    6:       <p>
    7:         <%= link_to "Show this name",name %>
  
app/views/name/index.html.erb:4
Started GET "/" for 127.0.0.1 at 2023-10-03 20:46:21 +0530
Processing by NameController#index as HTML
  Rendering layout layouts/application.html.erb
  Rendering name/index.html.erb within layouts/application
  [1m[36mName Count (0.3ms)[0m  [1m[34mSELECT COUNT(*) FROM "names"[0m
  ↳ app/views/name/index.html.erb:2
  Rendered name/index.html.erb within layouts/application (Duration: 6.0ms | Allocations: 1860)
  Rendered layout layouts/application.html.erb (Duration: 6.8ms | Allocations: 1931)
Completed 500 Internal Server Error in 10ms (ActiveRecord: 0.3ms | Allocations: 2225)


  
ActionView::Template::Error (undefined method `each' for nil:NilClass):
    1: <h1>hello World!</h1>
    2: <h2><%=Name.count%></h2>
    3: <div id="Name">
    4:     <% @Name.each do |name| %>
    5:       <%= render name %>
    6:       <p>
    7:         <%= link_to "Show this name",name %>
  
app/views/name/index.html.erb:4
Started GET "/" for 127.0.0.1 at 2023-10-03 20:46:21 +0530
Processing by NameController#index as HTML
  Rendering layout layouts/application.html.erb
  Rendering name/index.html.erb within layouts/application
  [1m[36mName Count (0.2ms)[0m  [1m[34mSELECT COUNT(*) FROM "names"[0m
  ↳ app/views/name/index.html.erb:2
  Rendered name/index.html.erb within layouts/application (Duration: 3.0ms | Allocations: 1860)
  Rendered layout layouts/application.html.erb (Duration: 3.3ms | Allocations: 1931)
Completed 500 Internal Server Error in 5ms (ActiveRecord: 0.2ms | Allocations: 2225)


  
ActionView::Template::Error (undefined method `each' for nil:NilClass):
    1: <h1>hello World!</h1>
    2: <h2><%=Name.count%></h2>
    3: <div id="Name">
    4:     <% @Name.each do |name| %>
    5:       <%= render name %>
    6:       <p>
    7:         <%= link_to "Show this name",name %>
  
app/views/name/index.html.erb:4
Started GET "/" for 127.0.0.1 at 2023-10-03 20:46:22 +0530
Processing by NameController#index as HTML
  Rendering layout layouts/application.html.erb
  Rendering name/index.html.erb within layouts/application
  [1m[36mName Count (0.2ms)[0m  [1m[34mSELECT COUNT(*) FROM "names"[0m
  ↳ app/views/name/index.html.erb:2
  Rendered name/index.html.erb within layouts/application (Duration: 3.5ms | Allocations: 1859)
  Rendered layout layouts/application.html.erb (Duration: 3.9ms | Allocations: 1930)
Completed 500 Internal Server Error in 5ms (ActiveRecord: 0.2ms | Allocations: 2224)


  
ActionView::Template::Error (undefined method `each' for nil:NilClass):
    1: <h1>hello World!</h1>
    2: <h2><%=Name.count%></h2>
    3: <div id="Name">
    4:     <% @Name.each do |name| %>
    5:       <%= render name %>
    6:       <p>
    7:         <%= link_to "Show this name",name %>
  
app/views/name/index.html.erb:4
Started GET "/" for 127.0.0.1 at 2023-10-03 20:46:56 +0530
Processing by NameController#index as HTML
  Rendering layout layouts/application.html.erb
  Rendering name/index.html.erb within layouts/application
  [1m[36mName Count (0.1ms)[0m  [1m[34mSELECT COUNT(*) FROM "names"[0m
  ↳ app/views/name/index.html.erb:2
  Rendered name/index.html.erb within layouts/application (Duration: 2.7ms | Allocations: 2402)
  Rendered layout layouts/application.html.erb (Duration: 2.9ms | Allocations: 2479)
Completed 500 Internal Server Error in 5ms (ActiveRecord: 0.4ms | Allocations: 4007)


  
ActionView::Template::Error (undefined method `each' for nil:NilClass):
    1: <h1>hello World!</h1>
    2: <h2><%=Name.count%></h2>
    3: <div id="Name">
    4:     <% @Name.each do |name| %>
    5:       <%= render name %>
    6:       <p>
    7:         <%= link_to "Show this name",name %>
  
app/views/name/index.html.erb:4
Started GET "/" for 127.0.0.1 at 2023-10-03 20:46:57 +0530
Processing by NameController#index as HTML
  Rendering layout layouts/application.html.erb
  Rendering name/index.html.erb within layouts/application
  [1m[36mName Count (0.3ms)[0m  [1m[34mSELECT COUNT(*) FROM "names"[0m
  ↳ app/views/name/index.html.erb:2
  Rendered name/index.html.erb within layouts/application (Duration: 5.7ms | Allocations: 1860)
  Rendered layout layouts/application.html.erb (Duration: 6.5ms | Allocations: 1931)
Completed 500 Internal Server Error in 9ms (ActiveRecord: 0.3ms | Allocations: 2240)


  
ActionView::Template::Error (undefined method `each' for nil:NilClass):
    1: <h1>hello World!</h1>
    2: <h2><%=Name.count%></h2>
    3: <div id="Name">
    4:     <% @Name.each do |name| %>
    5:       <%= render name %>
    6:       <p>
    7:         <%= link_to "Show this name",name %>
  
app/views/name/index.html.erb:4
Started GET "/" for 127.0.0.1 at 2023-10-03 20:46:57 +0530
Processing by NameController#index as HTML
  Rendering layout layouts/application.html.erb
  Rendering name/index.html.erb within layouts/application
  [1m[36mName Count (0.2ms)[0m  [1m[34mSELECT COUNT(*) FROM "names"[0m
  ↳ app/views/name/index.html.erb:2
  Rendered name/index.html.erb within layouts/application (Duration: 3.2ms | Allocations: 1860)
  Rendered layout layouts/application.html.erb (Duration: 3.8ms | Allocations: 1931)
Completed 500 Internal Server Error in 5ms (ActiveRecord: 0.2ms | Allocations: 2224)


  
ActionView::Template::Error (undefined method `each' for nil:NilClass):
    1: <h1>hello World!</h1>
    2: <h2><%=Name.count%></h2>
    3: <div id="Name">
    4:     <% @Name.each do |name| %>
    5:       <%= render name %>
    6:       <p>
    7:         <%= link_to "Show this name",name %>
  
app/views/name/index.html.erb:4
Started GET "/" for 127.0.0.1 at 2023-10-03 20:51:22 +0530
Processing by NameController#index as HTML
  Rendering layout layouts/application.html.erb
  Rendering name/index.html.erb within layouts/application
  [1m[36mName Count (0.2ms)[0m  [1m[34mSELECT COUNT(*) FROM "names"[0m
  ↳ app/views/name/index.html.erb:2
  [1m[36mName Load (0.1ms)[0m  [1m[34mSELECT "names".* FROM "names"[0m
  ↳ app/views/name/index.html.erb:4
  Rendered name/index.html.erb within layouts/application (Duration: 14.7ms | Allocations: 7440)
  Rendered layout layouts/application.html.erb (Duration: 14.9ms | Allocations: 7529)
Completed 500 Internal Server Error in 18ms (ActiveRecord: 0.7ms | Allocations: 8687)


  
ActionView::Template::Error (Missing partial names/_name with {:locale=>[:en], :formats=>[:html], :variants=>[], :handlers=>[:raw, :erb, :html, :builder, :ruby, :jbuilder]}.

Searched in:
  * "/home/annmercinks/Desktop/Training/Rails/crud-app/app/views"
  * "/home/annmercinks/.rvm/gems/ruby-3.0.1/gems/turbo-rails-1.4.0/app/views"
  * "/home/annmercinks/.rvm/gems/ruby-3.0.1/gems/actiontext-7.0.8/app/views"
  * "/home/annmercinks/.rvm/gems/ruby-3.0.1/gems/actionmailbox-7.0.8/app/views"

Did you mean?  layouts/action_text/contents/content
               action_text/contents/content
               action_text/attachment_galleries/attachment_gallery
               action_text/attachables/missing_attachable
               active_storage/blobs/blob
               action_text/attachables/remote_image):
    2: <h2><%=Name.count%></h2>
    3: <div id="Name">
    4:     <% @names .each do |name| %>
    5:       <%= render name %>
    6:       <p>
    7:         <%= link_to "Show this name",name %>
    8:       </p>
  
app/views/name/index.html.erb:5
app/views/name/index.html.erb:4
Started GET "/" for 127.0.0.1 at 2023-10-03 20:52:07 +0530
Processing by NameController#index as HTML
  Rendering layout layouts/application.html.erb
  Rendering name/index.html.erb within layouts/application
  [1m[36mName Count (0.2ms)[0m  [1m[34mSELECT COUNT(*) FROM "names"[0m
  ↳ app/views/name/index.html.erb:2
  [1m[36mName Load (0.1ms)[0m  [1m[34mSELECT "names".* FROM "names"[0m
  ↳ app/views/name/index.html.erb:4
  Rendered name/index.html.erb within layouts/application (Duration: 3.9ms | Allocations: 1549)
  Rendered layout layouts/application.html.erb (Duration: 20.5ms | Allocations: 15942)
Completed 200 OK in 27ms (Views: 23.2ms | ActiveRecord: 0.3ms | Allocations: 17148)


Started GET "/" for 127.0.0.1 at 2023-10-03 20:52:27 +0530
Processing by NameController#index as HTML
  Rendering layout layouts/application.html.erb
  Rendering name/index.html.erb within layouts/application
  [1m[36mName Count (0.2ms)[0m  [1m[34mSELECT COUNT(*) FROM "names"[0m
  ↳ app/views/name/index.html.erb:2
  [1m[36mName Load (0.1ms)[0m  [1m[34mSELECT "names".* FROM "names"[0m
  ↳ app/views/name/index.html.erb:4
  Rendered name/index.html.erb within layouts/application (Duration: 4.5ms | Allocations: 1479)
  Rendered layout layouts/application.html.erb (Duration: 11.3ms | Allocations: 4320)
Completed 200 OK in 14ms (Views: 12.9ms | ActiveRecord: 0.3ms | Allocations: 5531)


Started GET "/" for 127.0.0.1 at 2023-10-03 20:53:03 +0530
Processing by NameController#index as HTML
  Rendering layout layouts/application.html.erb
  Rendering name/index.html.erb within layouts/application
  [1m[36mName Count (0.1ms)[0m  [1m[34mSELECT COUNT(*) FROM "names"[0m
  ↳ app/views/name/index.html.erb:2
  [1m[36mName Load (0.1ms)[0m  [1m[34mSELECT "names".* FROM "names"[0m
  ↳ app/views/name/index.html.erb:4
  Rendered name/index.html.erb within layouts/application (Duration: 2.4ms | Allocations: 1503)
  Rendered layout layouts/application.html.erb (Duration: 6.5ms | Allocations: 4346)
Completed 200 OK in 9ms (Views: 7.7ms | ActiveRecord: 0.2ms | Allocations: 5557)


Started GET "/name/1" for 127.0.0.1 at 2023-10-03 20:53:07 +0530
Processing by NameController#show as HTML
  Parameters: {"id"=>"1"}
  Rendering layout layouts/application.html.erb
  Rendering name/show.html.erb within layouts/application
  Rendered name/show.html.erb within layouts/application (Duration: 1.3ms | Allocations: 116)
  Rendered layout layouts/application.html.erb (Duration: 9.4ms | Allocations: 2485)
Completed 200 OK in 12ms (Views: 10.7ms | ActiveRecord: 0.0ms | Allocations: 2872)


Started GET "/name/1" for 127.0.0.1 at 2023-10-03 20:53:47 +0530
Processing by NameController#show as HTML
  Parameters: {"id"=>"1"}
  Rendering layout layouts/application.html.erb
  Rendering name/show.html.erb within layouts/application
  Rendered name/show.html.erb within layouts/application (Duration: 0.1ms | Allocations: 7)
  Rendered layout layouts/application.html.erb (Duration: 9.9ms | Allocations: 2368)
Completed 200 OK in 13ms (Views: 12.0ms | ActiveRecord: 0.0ms | Allocations: 2684)


